Build started 11/06/14 7:31:09 PM.
     1>Project "C:\Users\Evil_Fuzzball\Documents\GitHub\OOP-Project\Crawler\Crawler\Crawler.vcxproj" on node 2 (Build target(s)).
     1>Link:
         C:\Program Files (x86)\Microsoft Visual Studio 12.0\VC\bin\link.exe /ERRORREPORT:PROMPT /OUT:"C:\Users\Evil_Fuzzball\Documents\GitHub\OOP-Project\Crawler\Debug\Crawler.exe" /INCREMENTAL /NOLOGO /LIBPATH:C:\LibCurl\bin kernel32.lib user32.lib gdi32.lib winspool.lib comdlg32.lib advapi32.lib shell32.lib ole32.lib oleaut32.lib uuid.lib odbc32.lib odbccp32.lib /MANIFEST /MANIFESTUAC:"level='asInvoker' uiAccess='false'" /manifest:embed /DEBUG /PDB:"C:\Users\Evil_Fuzzball\Documents\GitHub\OOP-Project\Crawler\Debug\Crawler.pdb" /ASSEMBLYDEBUG /SUBSYSTEM:WINDOWS /TLBID:1 /ENTRY:"main" /DYNAMICBASE /FIXED:NO /NXCOMPAT /MACHINE:X86 Debug\CrawlerForm.obj
         Debug\CurlBasic.obj
         "Debug\.NETFramework,Version=v4.5.AssemblyAttributes.obj"
     1>CurlBasic.obj : error LNK2028: unresolved token (0A0003AB) "extern "C" void * __cdecl curl_easy_init(void)" (?curl_easy_init@@$$J0YAPAXXZ) referenced in function "int __cdecl main(void)" (?main@@$$HYAHXZ)
     1>CurlBasic.obj : error LNK2019: unresolved external symbol "extern "C" void * __cdecl curl_easy_init(void)" (?curl_easy_init@@$$J0YAPAXXZ) referenced in function "int __cdecl main(void)" (?main@@$$HYAHXZ)
     1>C:\Users\Evil_Fuzzball\Documents\GitHub\OOP-Project\Crawler\Debug\Crawler.exe : fatal error LNK1120: 2 unresolved externals
     1>Done Building Project "C:\Users\Evil_Fuzzball\Documents\GitHub\OOP-Project\Crawler\Crawler\Crawler.vcxproj" (Build target(s)) -- FAILED.

Build FAILED.

Time Elapsed 00:00:00.89
